mode: set
go-http-server/param/param.go:90.46,105.2 1 1
go-http-server/util/util.go:18.40,21.16 2 1
go-http-server/util/util.go:21.16,23.3 1 1
go-http-server/util/util.go:23.8,23.25 1 1
go-http-server/util/util.go:23.25,25.3 1 1
go-http-server/util/util.go:25.8,27.3 1 1
go-http-server/util/util.go:30.77,35.16 4 1
go-http-server/util/util.go:39.2,41.16 2 1
go-http-server/util/util.go:35.16,37.3 1 1
go-http-server/util/util.go:41.16,43.3 1 0
go-http-server/util/util.go:43.8,43.25 1 1
go-http-server/util/util.go:43.25,45.3 1 1
go-http-server/util/util.go:45.8,47.3 1 1
go-http-server/app/app.go:43.39,47.25 3 1
go-http-server/app/app.go:54.2,54.55 1 1
go-http-server/app/app.go:47.25,49.17 2 1
go-http-server/app/app.go:49.17,50.14 1 1
go-http-server/app/app.go:57.33,58.44 1 1
go-http-server/app/app.go:61.2,61.102 1 1
go-http-server/app/app.go:102.2,102.16 1 1
go-http-server/app/app.go:58.44,60.3 1 1
go-http-server/app/app.go:61.102,62.17 1 1
go-http-server/app/app.go:66.3,66.19 1 1
go-http-server/app/app.go:70.3,71.35 2 1
go-http-server/app/app.go:75.3,75.41 1 1
go-http-server/app/app.go:99.3,99.13 1 1
go-http-server/app/app.go:62.17,64.4 1 1
go-http-server/app/app.go:66.19,68.4 1 1
go-http-server/app/app.go:71.35,73.4 1 1
go-http-server/app/app.go:75.41,78.23 2 1
go-http-server/app/app.go:88.4,88.25 1 1
go-http-server/app/app.go:78.23,86.5 5 1
go-http-server/app/app.go:88.25,96.5 5 1
go-http-server/app/app.go:102.16,103.13 1 1
go-http-server/app/app.go:107.136,110.21 2 1
go-http-server/app/app.go:117.2,117.22 1 1
go-http-server/app/app.go:130.2,134.16 4 1
go-http-server/app/app.go:144.2,147.16 3 1
go-http-server/app/app.go:158.2,158.52 1 1
go-http-server/app/app.go:176.2,178.16 3 1
go-http-server/app/app.go:182.2,184.25 3 1
go-http-server/app/app.go:190.2,198.22 2 1
go-http-server/app/app.go:202.2,202.25 1 1
go-http-server/app/app.go:111.12,112.40 1 1
go-http-server/app/app.go:113.14,114.40 1 1
go-http-server/app/app.go:117.22,119.9 2 1
go-http-server/app/app.go:119.9,121.10 2 1
go-http-server/app/app.go:121.10,123.5 1 1
go-http-server/app/app.go:123.10,126.5 2 0
go-http-server/app/app.go:134.16,135.82 1 1
go-http-server/app/app.go:142.3,142.34 1 1
go-http-server/app/app.go:135.82,137.24 2 1
go-http-server/app/app.go:140.4,140.79 1 1
go-http-server/app/app.go:137.24,139.5 1 1
go-http-server/app/app.go:147.16,148.82 1 0
go-http-server/app/app.go:155.3,155.34 1 0
go-http-server/app/app.go:148.82,150.24 2 0
go-http-server/app/app.go:153.4,153.79 1 0
go-http-server/app/app.go:150.24,152.5 1 0
go-http-server/app/app.go:158.52,159.48 1 1
go-http-server/app/app.go:173.3,173.34 1 0
go-http-server/app/app.go:159.48,161.24 2 1
go-http-server/app/app.go:164.4,164.79 1 1
go-http-server/app/app.go:161.24,163.5 1 1
go-http-server/app/app.go:165.9,165.56 1 1
go-http-server/app/app.go:165.56,167.24 2 1
go-http-server/app/app.go:170.4,170.79 1 1
go-http-server/app/app.go:167.24,169.5 1 1
go-http-server/app/app.go:178.16,180.3 1 0
go-http-server/app/app.go:184.25,186.3 1 1
go-http-server/app/app.go:186.8,188.3 1 1
go-http-server/app/app.go:198.22,200.3 1 1
go-http-server/app/app.go:205.72,208.20 3 1
go-http-server/app/app.go:213.2,213.111 1 1
go-http-server/app/app.go:219.2,224.42 5 1
go-http-server/app/app.go:235.2,235.39 1 1
go-http-server/app/app.go:251.2,251.36 1 1
go-http-server/app/app.go:255.2,255.105 1 1
go-http-server/app/app.go:208.20,211.3 2 0
go-http-server/app/app.go:213.111,215.3 1 1
go-http-server/app/app.go:215.8,217.3 1 1
go-http-server/app/app.go:224.42,225.50 1 1
go-http-server/app/app.go:225.50,228.4 2 1
go-http-server/app/app.go:228.9,232.4 2 1
go-http-server/app/app.go:235.39,238.32 2 1
go-http-server/app/app.go:238.32,241.4 2 1
go-http-server/app/app.go:242.8,242.44 1 1
go-http-server/app/app.go:242.44,245.30 2 1
go-http-server/app/app.go:245.30,248.4 2 1
go-http-server/app/app.go:251.36,253.3 1 1
go-http-server/app/app.go:258.26,266.16 4 1
go-http-server/app/app.go:266.16,267.13 1 1
